[debug] [2025-12-19T15:44:15.571Z] ----------------------------------------------------------------------
[debug] [2025-12-19T15:44:15.574Z] Command:       /nix/store/ws50yvm6vzlzf7jzz6n7xh4szddrack1-nodejs-20.19.1/bin/node /nix/store/c776mhyhgykcld7p90ajrka149ifn61a-firebase-tools-14.26.0/lib/node_modules/firebase-tools/lib/bin/firebase.js init hosting
[debug] [2025-12-19T15:44:15.575Z] CLI Version:   14.26.0
[debug] [2025-12-19T15:44:15.575Z] Platform:      linux
[debug] [2025-12-19T15:44:15.576Z] Node Version:  v20.19.1
[debug] [2025-12-19T15:44:15.576Z] Time:          Fri Dec 19 2025 15:44:15 GMT+0000 (Coordinated Universal Time)
[debug] [2025-12-19T15:44:15.576Z] ----------------------------------------------------------------------
[debug] 
[debug] [2025-12-19T15:44:15.584Z] No OAuth tokens found
[debug] [2025-12-19T15:44:15.585Z] No OAuth tokens found
[error] Failed to fetch Firebase Project from current Studio Workspace: Unable to refresh auth: not yet authenticated.
[info] 
     ######## #### ########  ######## ########     ###     ######  ########
     ##        ##  ##     ## ##       ##     ##  ##   ##  ##       ##
     ######    ##  ########  ######   ########  #########  ######  ######
     ##        ##  ##    ##  ##       ##     ## ##     ##       ## ##
     ##       #### ##     ## ######## ########  ##     ##  ######  ########

You're about to initialize a Firebase project in this directory:

  /home/user/our-shop

[info] 
=== Project Setup
[info] 
[info] First, let's associate this project directory with a Firebase project.
[info] You can create multiple project aliases by running firebase use --add, 
[info] 
